INFO - 2024-01-20 02:55:06 --> Session: Class initialized using 'CodeIgniter\Session\Handlers\FileHandler' driver.
INFO - 2024-01-20 03:11:44 --> Session: Class initialized using 'CodeIgniter\Session\Handlers\FileHandler' driver.
CRITICAL - 2024-01-20 03:12:31 --> Call to undefined method Error::initController()
in SYSTEMPATH/CodeIgniter.php on line 915.
 1 SYSTEMPATH/CodeIgniter.php(970): CodeIgniter\CodeIgniter->createController()
 2 SYSTEMPATH/CodeIgniter.php(370): CodeIgniter\CodeIgniter->display404errors(Object(CodeIgniter\Exceptions\PageNotFoundException))
 3 FCPATH/index.php(79): CodeIgniter\CodeIgniter->run()
CRITICAL - 2024-01-20 03:13:03 --> Call to undefined method Error::initController()
in SYSTEMPATH/CodeIgniter.php on line 915.
 1 SYSTEMPATH/CodeIgniter.php(970): CodeIgniter\CodeIgniter->createController()
 2 SYSTEMPATH/CodeIgniter.php(370): CodeIgniter\CodeIgniter->display404errors(Object(CodeIgniter\Exceptions\PageNotFoundException))
 3 FCPATH/index.php(79): CodeIgniter\CodeIgniter->run()
CRITICAL - 2024-01-20 03:13:39 --> Call to undefined method CodeIgniter\Router\RouteCollection::set404()
in APPPATH/Config/Routes.php on line 12.
 1 SYSTEMPATH/Router/RouteCollection.php(344): require()
 2 SYSTEMPATH/CodeIgniter.php(810): CodeIgniter\Router\RouteCollection->loadRoutes()
 3 SYSTEMPATH/CodeIgniter.php(450): CodeIgniter\CodeIgniter->tryToRouteIt(null)
 4 SYSTEMPATH/CodeIgniter.php(361): CodeIgniter\CodeIgniter->handleRequest(null, Object(Config\Cache), false)
 5 FCPATH/index.php(79): CodeIgniter\CodeIgniter->run()
CRITICAL - 2024-01-20 03:14:01 --> Call to undefined method CodeIgniter\Router\RouteCollection::set404()
in APPPATH/Config/Routes.php on line 12.
 1 SYSTEMPATH/Router/RouteCollection.php(344): require()
 2 SYSTEMPATH/CodeIgniter.php(810): CodeIgniter\Router\RouteCollection->loadRoutes()
 3 SYSTEMPATH/CodeIgniter.php(450): CodeIgniter\CodeIgniter->tryToRouteIt(null)
 4 SYSTEMPATH/CodeIgniter.php(361): CodeIgniter\CodeIgniter->handleRequest(null, Object(Config\Cache), false)
 5 FCPATH/index.php(79): CodeIgniter\CodeIgniter->run()
CRITICAL - 2024-01-20 03:17:09 --> Call to undefined method Error::initController()
in SYSTEMPATH/CodeIgniter.php on line 915.
 1 SYSTEMPATH/CodeIgniter.php(970): CodeIgniter\CodeIgniter->createController()
 2 SYSTEMPATH/CodeIgniter.php(370): CodeIgniter\CodeIgniter->display404errors(Object(CodeIgniter\Exceptions\PageNotFoundException))
 3 FCPATH/index.php(79): CodeIgniter\CodeIgniter->run()
CRITICAL - 2024-01-20 03:18:35 --> Call to undefined method Error::initController()
in SYSTEMPATH/CodeIgniter.php on line 915.
 1 SYSTEMPATH/CodeIgniter.php(970): CodeIgniter\CodeIgniter->createController()
 2 SYSTEMPATH/CodeIgniter.php(370): CodeIgniter\CodeIgniter->display404errors(Object(CodeIgniter\Exceptions\PageNotFoundException))
 3 FCPATH/index.php(79): CodeIgniter\CodeIgniter->run()
CRITICAL - 2024-01-20 03:18:51 --> Call to undefined method Error::initController()
in SYSTEMPATH/CodeIgniter.php on line 915.
 1 SYSTEMPATH/CodeIgniter.php(970): CodeIgniter\CodeIgniter->createController()
 2 SYSTEMPATH/CodeIgniter.php(370): CodeIgniter\CodeIgniter->display404errors(Object(CodeIgniter\Exceptions\PageNotFoundException))
 3 FCPATH/index.php(79): CodeIgniter\CodeIgniter->run()
CRITICAL - 2024-01-20 03:19:07 --> Call to undefined method Error::initController()
in SYSTEMPATH/CodeIgniter.php on line 915.
 1 SYSTEMPATH/CodeIgniter.php(970): CodeIgniter\CodeIgniter->createController()
 2 SYSTEMPATH/CodeIgniter.php(370): CodeIgniter\CodeIgniter->display404errors(Object(CodeIgniter\Exceptions\PageNotFoundException))
 3 FCPATH/index.php(79): CodeIgniter\CodeIgniter->run()
CRITICAL - 2024-01-20 03:21:44 --> Call to undefined method Error::initController()
in SYSTEMPATH/CodeIgniter.php on line 915.
 1 SYSTEMPATH/CodeIgniter.php(970): CodeIgniter\CodeIgniter->createController()
 2 SYSTEMPATH/CodeIgniter.php(370): CodeIgniter\CodeIgniter->display404errors(Object(CodeIgniter\Exceptions\PageNotFoundException))
 3 FCPATH/index.php(79): CodeIgniter\CodeIgniter->run()
INFO - 2024-01-20 03:21:47 --> Session: Class initialized using 'CodeIgniter\Session\Handlers\FileHandler' driver.
CRITICAL - 2024-01-20 03:21:51 --> Call to undefined method Error::initController()
in SYSTEMPATH/CodeIgniter.php on line 915.
 1 SYSTEMPATH/CodeIgniter.php(970): CodeIgniter\CodeIgniter->createController()
 2 SYSTEMPATH/CodeIgniter.php(370): CodeIgniter\CodeIgniter->display404errors(Object(CodeIgniter\Exceptions\PageNotFoundException))
 3 FCPATH/index.php(79): CodeIgniter\CodeIgniter->run()
CRITICAL - 2024-01-20 03:22:18 --> Class "ErrorController" not found
in SYSTEMPATH/CodeIgniter.php on line 914.
 1 SYSTEMPATH/CodeIgniter.php(970): CodeIgniter\CodeIgniter->createController()
 2 SYSTEMPATH/CodeIgniter.php(370): CodeIgniter\CodeIgniter->display404errors(Object(CodeIgniter\Exceptions\PageNotFoundException))
 3 FCPATH/index.php(79): CodeIgniter\CodeIgniter->run()
CRITICAL - 2024-01-20 03:23:36 --> Class "ErrorCont" not found
in SYSTEMPATH/CodeIgniter.php on line 914.
 1 SYSTEMPATH/CodeIgniter.php(970): CodeIgniter\CodeIgniter->createController()
 2 SYSTEMPATH/CodeIgniter.php(370): CodeIgniter\CodeIgniter->display404errors(Object(CodeIgniter\Exceptions\PageNotFoundException))
 3 FCPATH/index.php(79): CodeIgniter\CodeIgniter->run()
